{
  "RSpec": {
    "coverage": {
      "C:/Users/patri/Desktop/Ruby/cinema-api/spec/models/hall_spec.rb": {
        "lines": [
          1,
          null,
          1,
          1,
          3,
          1,
          1,
          1,
          1,
          1,
          null,
          null,
          null,
          1,
          1,
          1,
          1,
          1,
          null,
          null,
          null,
          null
        ]
      },
      "C:/Users/patri/Desktop/Ruby/cinema-api/spec/rails_helper.rb": {
        "lines": [
          null,
          1,
          1,
          1,
          null,
          1,
          1,
          null,
          null,
          null,
          null,
          null,
          null,
          null,
          null,
          null,
          null,
          null,
          null,
          null,
          null,
          null,
          2,
          null,
          null,
          null,
          null,
          1,
          null,
          0,
          0,
          null,
          1,
          null,
          1,
          null,
          null,
          null,
          null,
          1,
          null,
          null,
          null,
          null,
          null,
          null,
          null,
          null,
          null,
          null,
          null,
          null,
          null,
          null,
          null,
          null,
          null,
          1,
          null,
          null,
          1,
          null,
          null,
          null
        ]
      },
      "C:/Users/patri/Desktop/Ruby/cinema-api/config/environment.rb": {
        "lines": [
          null,
          1,
          null,
          null,
          1
        ]
      },
      "C:/Users/patri/Desktop/Ruby/cinema-api/config/application.rb": {
        "lines": [
          1,
          null,
          1,
          null,
          1,
          1,
          1,
          1,
          1,
          1,
          1,
          1,
          1,
          1,
          null,
          null,
          null,
          null,
          null,
          1,
          null,
          1,
          1,
          null,
          1,
          1,
          null,
          null,
          null,
          null,
          null,
          null,
          null,
          null,
          null,
          null,
          null,
          null,
          1,
          1,
          null,
          null
        ]
      },
      "C:/Users/patri/Desktop/Ruby/cinema-api/config/boot.rb": {
        "lines": [
          1,
          null,
          1,
          1
        ]
      },
      "C:/Users/patri/Desktop/Ruby/cinema-api/config/environments/test.rb": {
        "lines": [
          1,
          null,
          null,
          null,
          null,
          null,
          null,
          1,
          null,
          null,
          1,
          null,
          null,
          null,
          null,
          1,
          null,
          null,
          1,
          1,
          null,
          null,
          null,
          null,
          1,
          1,
          1,
          null,
          null,
          1,
          null,
          null,
          1,
          null,
          null,
          1,
          null,
          1,
          null,
          null,
          null,
          null,
          1,
          null,
          null,
          1,
          null,
          null,
          1,
          null,
          null,
          1,
          null,
          null,
          null,
          null,
          null,
          null,
          null
        ]
      },
      "C:/Users/patri/Desktop/Ruby/cinema-api/config/initializers/application_controller_renderer.rb": {
        "lines": [
          null,
          null,
          null,
          null,
          null,
          null,
          null,
          null
        ]
      },
      "C:/Users/patri/Desktop/Ruby/cinema-api/config/initializers/backtrace_silencers.rb": {
        "lines": [
          null,
          null,
          null,
          null,
          null,
          null,
          null,
          1
        ]
      },
      "C:/Users/patri/Desktop/Ruby/cinema-api/config/initializers/cors.rb": {
        "lines": [
          null,
          null,
          null,
          null,
          null,
          null,
          null,
          null,
          null,
          null,
          null,
          null,
          null,
          null,
          null,
          null
        ]
      },
      "C:/Users/patri/Desktop/Ruby/cinema-api/config/initializers/filter_parameter_logging.rb": {
        "lines": [
          null,
          null,
          null,
          1,
          null,
          null
        ]
      },
      "C:/Users/patri/Desktop/Ruby/cinema-api/config/initializers/inflections.rb": {
        "lines": [
          null,
          null,
          null,
          null,
          null,
          null,
          null,
          null,
          null,
          null,
          null,
          null,
          null,
          null,
          null,
          null
        ]
      },
      "C:/Users/patri/Desktop/Ruby/cinema-api/config/initializers/jsonapi.rb": {
        "lines": [
          null,
          1,
          null,
          1
        ]
      },
      "C:/Users/patri/Desktop/Ruby/cinema-api/config/initializers/mime_types.rb": {
        "lines": [
          null,
          null,
          null,
          null
        ]
      },
      "C:/Users/patri/Desktop/Ruby/cinema-api/config/initializers/rspec_api_documentation.rb": {
        "lines": [
          1,
          null,
          1,
          null,
          null,
          1,
          null,
          1,
          null
        ]
      },
      "C:/Users/patri/Desktop/Ruby/cinema-api/config/initializers/wrap_parameters.rb": {
        "lines": [
          null,
          null,
          null,
          null,
          null,
          null,
          1,
          2,
          null,
          null,
          null,
          null,
          null,
          null
        ]
      },
      "C:/Users/patri/Desktop/Ruby/cinema-api/spec/factories/halls.rb": {
        "lines": [
          1,
          1,
          41,
          41,
          null,
          null
        ]
      },
      "C:/Users/patri/Desktop/Ruby/cinema-api/spec/factories/movies.rb": {
        "lines": [
          1,
          1,
          42,
          42,
          42,
          null,
          null,
          null,
          1,
          null,
          1,
          41,
          41,
          null
        ]
      },
      "C:/Users/patri/Desktop/Ruby/cinema-api/spec/factories/reservations.rb": {
        "lines": [
          1,
          1,
          24,
          24,
          24,
          24,
          null,
          null
        ]
      },
      "C:/Users/patri/Desktop/Ruby/cinema-api/spec/factories/seances.rb": {
        "lines": [
          1,
          1,
          34,
          34,
          34,
          34,
          null,
          null
        ]
      },
      "C:/Users/patri/Desktop/Ruby/cinema-api/spec/factories/ticket_desks.rb": {
        "lines": [
          1,
          1,
          43,
          null,
          null
        ]
      },
      "C:/Users/patri/Desktop/Ruby/cinema-api/spec/factories/tickets.rb": {
        "lines": [
          1,
          1,
          9,
          9,
          9,
          9,
          null,
          null
        ]
      },
      "C:/Users/patri/Desktop/Ruby/cinema-api/config/routes.rb": {
        "lines": [
          1,
          null,
          1,
          1,
          null,
          1,
          1,
          1,
          null,
          null,
          null,
          null
        ]
      },
      "C:/Users/patri/Desktop/Ruby/cinema-api/spec/support/factory_bot.rb": {
        "lines": [
          1,
          1,
          null
        ]
      },
      "C:/Users/patri/Desktop/Ruby/cinema-api/app/models/hall.rb": {
        "lines": [
          null,
          null,
          1,
          1,
          null,
          1,
          1,
          null
        ]
      },
      "C:/Users/patri/Desktop/Ruby/cinema-api/app/models/application_record.rb": {
        "lines": [
          null,
          null,
          1,
          1,
          null
        ]
      },
      "C:/Users/patri/Desktop/Ruby/cinema-api/spec/models/movie_spec.rb": {
        "lines": [
          1,
          null,
          1,
          1,
          4,
          1,
          1,
          1,
          1,
          1,
          null,
          null,
          null,
          1,
          1,
          1,
          1,
          1,
          null,
          null,
          null,
          1,
          1,
          1,
          1,
          1,
          null,
          null,
          null,
          null
        ]
      },
      "C:/Users/patri/Desktop/Ruby/cinema-api/app/models/movie.rb": {
        "lines": [
          null,
          null,
          1,
          1,
          null,
          1,
          1,
          1,
          null
        ]
      },
      "C:/Users/patri/Desktop/Ruby/cinema-api/spec/models/reservation_spec.rb": {
        "lines": [
          1,
          null,
          1,
          1,
          5,
          1,
          1,
          1,
          1,
          1,
          null,
          null,
          null,
          1,
          1,
          1,
          1,
          1,
          null,
          null,
          null,
          1,
          1,
          1,
          1,
          1,
          null,
          null,
          null,
          1,
          1,
          1,
          1,
          1,
          null,
          null,
          null,
          null
        ]
      },
      "C:/Users/patri/Desktop/Ruby/cinema-api/app/models/reservation.rb": {
        "lines": [
          null,
          null,
          1,
          1,
          1,
          1,
          null,
          1,
          1,
          1,
          1,
          null
        ]
      },
      "C:/Users/patri/Desktop/Ruby/cinema-api/spec/models/seance_spec.rb": {
        "lines": [
          1,
          null,
          1,
          1,
          5,
          1,
          1,
          1,
          1,
          1,
          null,
          null,
          null,
          1,
          1,
          1,
          1,
          1,
          null,
          null,
          null,
          1,
          1,
          1,
          1,
          1,
          null,
          null,
          null,
          1,
          1,
          1,
          1,
          1,
          null,
          null,
          null,
          null
        ]
      },
      "C:/Users/patri/Desktop/Ruby/cinema-api/app/models/seance.rb": {
        "lines": [
          null,
          null,
          1,
          1,
          1,
          1,
          null,
          1,
          1,
          1,
          1,
          null
        ]
      },
      "C:/Users/patri/Desktop/Ruby/cinema-api/spec/models/ticket_desk_spec.rb": {
        "lines": [
          1,
          null,
          1,
          1,
          2,
          1,
          1,
          1,
          1,
          1,
          null,
          null,
          null,
          null
        ]
      },
      "C:/Users/patri/Desktop/Ruby/cinema-api/app/models/ticket_desk.rb": {
        "lines": [
          null,
          null,
          1,
          1,
          null,
          1,
          null
        ]
      },
      "C:/Users/patri/Desktop/Ruby/cinema-api/spec/models/ticket_spec.rb": {
        "lines": [
          1,
          null,
          1,
          1,
          5,
          1,
          1,
          1,
          1,
          1,
          null,
          null,
          null,
          1,
          1,
          1,
          1,
          1,
          null,
          null,
          null,
          1,
          1,
          1,
          1,
          1,
          null,
          null,
          null,
          1,
          1,
          1,
          1,
          1,
          null,
          null,
          null,
          null
        ]
      },
      "C:/Users/patri/Desktop/Ruby/cinema-api/app/models/ticket.rb": {
        "lines": [
          null,
          null,
          1,
          1,
          null,
          1,
          1,
          1,
          1,
          null
        ]
      },
      "C:/Users/patri/Desktop/Ruby/cinema-api/spec/requests/halls_spec.rb": {
        "lines": [
          1,
          1,
          null,
          1,
          1,
          2,
          null,
          1,
          1,
          1,
          null,
          null,
          null,
          1,
          1,
          1,
          1,
          null,
          1,
          null,
          null,
          null,
          null,
          1,
          2,
          null,
          1,
          1,
          1,
          null,
          null,
          null,
          1,
          1,
          1,
          1,
          null,
          null,
          null,
          1,
          1,
          1,
          1,
          null,
          null,
          null,
          1,
          2,
          null,
          1,
          1,
          1,
          null,
          null,
          null,
          1,
          2,
          null,
          1,
          1,
          1,
          null,
          null,
          null
        ]
      },
      "C:/Users/patri/Desktop/Ruby/cinema-api/spec/requests/movies_spec.rb": {
        "lines": [
          1,
          1,
          null,
          1,
          1,
          2,
          null,
          1,
          1,
          1,
          null,
          null,
          null,
          1,
          1,
          1,
          1,
          null,
          1,
          null,
          null,
          null,
          null,
          1,
          2,
          null,
          1,
          1,
          1,
          null,
          null,
          null,
          1,
          1,
          1,
          1,
          null,
          null,
          null,
          1,
          1,
          1,
          1,
          null,
          null,
          null,
          1,
          2,
          null,
          1,
          1,
          1,
          null,
          null,
          null,
          1,
          2,
          null,
          1,
          1,
          1,
          null,
          null,
          null
        ]
      },
      "C:/Users/patri/Desktop/Ruby/cinema-api/spec/requests/reservations_spec.rb": {
        "lines": [
          1,
          1,
          null,
          1,
          8,
          null,
          1,
          7,
          null,
          null,
          1,
          2,
          null,
          1,
          1,
          1,
          null,
          null,
          null,
          1,
          1,
          1,
          1,
          null,
          1,
          null,
          null,
          null,
          null,
          1,
          2,
          null,
          1,
          1,
          1,
          null,
          null,
          null,
          1,
          2,
          1,
          1,
          1,
          null,
          null,
          null,
          1,
          1,
          1,
          1,
          null,
          null,
          null,
          1,
          2,
          2,
          null,
          1,
          1,
          1,
          null,
          null,
          null,
          1,
          2,
          null,
          1,
          1,
          1,
          null,
          null,
          null
        ]
      },
      "C:/Users/patri/Desktop/Ruby/cinema-api/spec/requests/seances_spec.rb": {
        "lines": [
          1,
          1,
          null,
          1,
          1,
          2,
          null,
          1,
          1,
          1,
          null,
          null,
          null,
          1,
          1,
          1,
          1,
          null,
          1,
          null,
          null,
          null,
          null,
          1,
          2,
          null,
          1,
          1,
          1,
          null,
          null,
          null,
          1,
          2,
          2,
          null,
          1,
          1,
          1,
          null,
          null,
          null,
          1,
          1,
          1,
          1,
          null,
          null,
          null,
          1,
          2,
          null,
          1,
          1,
          1,
          null,
          null,
          null,
          1,
          2,
          null,
          1,
          1,
          1,
          null,
          null,
          null
        ]
      },
      "C:/Users/patri/Desktop/Ruby/cinema-api/spec/requests/ticket_desks_spec.rb": {
        "lines": [
          1,
          1,
          null,
          1,
          1,
          2,
          null,
          1,
          1,
          1,
          null,
          null,
          null,
          1,
          1,
          1,
          1,
          null,
          1,
          null,
          null,
          null,
          null,
          1,
          2,
          null,
          1,
          1,
          1,
          null,
          null,
          null,
          1,
          1,
          1,
          1,
          null,
          null,
          null,
          1,
          1,
          1,
          1,
          null,
          null,
          null,
          1,
          2,
          null,
          1,
          1,
          1,
          null,
          null,
          null,
          1,
          2,
          null,
          1,
          1,
          1,
          null,
          null,
          null
        ]
      },
      "C:/Users/patri/Desktop/Ruby/cinema-api/spec/requests/tickets_spec.rb": {
        "lines": [
          1,
          1,
          null,
          1,
          8,
          7,
          null,
          1,
          7,
          7,
          null,
          null,
          1,
          2,
          null,
          1,
          1,
          1,
          null,
          null,
          null,
          1,
          1,
          1,
          1,
          null,
          1,
          null,
          null,
          null,
          null,
          1,
          2,
          null,
          1,
          1,
          1,
          null,
          null,
          null,
          1,
          2,
          null,
          1,
          1,
          1,
          null,
          null,
          null,
          1,
          1,
          1,
          1,
          null,
          null,
          null,
          1,
          2,
          null,
          1,
          1,
          1,
          null,
          null,
          null,
          1,
          2,
          null,
          1,
          1,
          1,
          null,
          null,
          null
        ]
      },
      "C:/Users/patri/Desktop/Ruby/cinema-api/app/controllers/api/halls_controller.rb": {
        "lines": [
          null,
          null,
          1,
          1,
          null,
          1,
          3,
          null,
          null,
          null,
          1,
          0,
          null,
          null,
          null,
          1,
          2,
          null,
          2,
          1,
          null,
          1,
          null,
          null,
          null,
          null,
          1,
          1,
          null,
          1,
          1,
          null,
          0,
          null,
          null,
          null,
          null,
          1,
          1,
          null,
          null,
          1,
          null,
          1,
          3,
          null,
          null,
          null
        ]
      },
      "C:/Users/patri/Desktop/Ruby/cinema-api/app/controllers/application_controller.rb": {
        "lines": [
          null,
          null,
          1,
          1,
          1,
          null
        ]
      },
      "C:/Users/patri/Desktop/Ruby/cinema-api/app/concepts/halls/use_cases/fetch_all.rb": {
        "lines": [
          null,
          null,
          1,
          1,
          1,
          1,
          null,
          1,
          3,
          null,
          null,
          null,
          null
        ]
      },
      "C:/Users/patri/Desktop/Ruby/cinema-api/lib/use_cases/base_fetch_all.rb": {
        "lines": [
          null,
          null,
          1,
          1,
          1,
          null,
          1,
          18,
          null,
          null,
          1,
          18,
          null,
          null,
          null
        ]
      },
      "C:/Users/patri/Desktop/Ruby/cinema-api/app/concepts/halls/repository.rb": {
        "lines": [
          null,
          null,
          1,
          1,
          1,
          7,
          null,
          null,
          null
        ]
      },
      "C:/Users/patri/Desktop/Ruby/cinema-api/lib/base_repository.rb": {
        "lines": [
          null,
          null,
          1,
          1,
          null,
          1,
          42,
          null,
          null,
          1,
          18,
          null,
          null,
          1,
          0,
          null,
          null,
          1,
          12,
          null,
          null,
          1,
          6,
          null,
          null,
          1,
          6,
          null,
          null
        ]
      },
      "C:/Users/patri/Desktop/Ruby/cinema-api/app/concepts/halls/use_cases/create.rb": {
        "lines": [
          null,
          null,
          1,
          1,
          1,
          1,
          null,
          1,
          2,
          null,
          null,
          null,
          null
        ]
      },
      "C:/Users/patri/Desktop/Ruby/cinema-api/lib/use_cases/base_create.rb": {
        "lines": [
          null,
          null,
          1,
          1,
          1,
          null,
          1,
          12,
          null,
          null,
          1,
          12,
          null,
          null,
          null
        ]
      },
      "C:/Users/patri/Desktop/Ruby/cinema-api/app/serializers/hall_serializer.rb": {
        "lines": [
          null,
          null,
          1,
          1,
          1,
          null,
          1,
          null
        ]
      },
      "C:/Users/patri/Desktop/Ruby/cinema-api/app/serializers/seance_serializer.rb": {
        "lines": [
          null,
          null,
          1,
          1,
          1,
          null,
          1,
          1,
          null,
          1,
          1,
          null,
          1,
          null
        ]
      },
      "C:/Users/patri/Desktop/Ruby/cinema-api/app/concepts/halls/use_cases/update.rb": {
        "lines": [
          null,
          null,
          1,
          1,
          1,
          1,
          null,
          1,
          1,
          null,
          null,
          null,
          null
        ]
      },
      "C:/Users/patri/Desktop/Ruby/cinema-api/lib/use_cases/base_update.rb": {
        "lines": [
          null,
          null,
          1,
          1,
          1,
          null,
          1,
          6,
          null,
          null,
          1,
          6,
          null,
          null,
          null
        ]
      },
      "C:/Users/patri/Desktop/Ruby/cinema-api/app/concepts/halls/use_cases/delete.rb": {
        "lines": [
          null,
          null,
          1,
          1,
          1,
          1,
          null,
          1,
          1,
          null,
          null,
          null,
          null
        ]
      },
      "C:/Users/patri/Desktop/Ruby/cinema-api/lib/use_cases/base_delete.rb": {
        "lines": [
          null,
          null,
          1,
          1,
          1,
          null,
          1,
          6,
          null,
          null,
          1,
          6,
          null,
          null,
          null
        ]
      },
      "C:/Users/patri/Desktop/Ruby/cinema-api/app/controllers/api/movies_controller.rb": {
        "lines": [
          null,
          null,
          1,
          1,
          null,
          1,
          3,
          null,
          null,
          null,
          1,
          0,
          null,
          null,
          null,
          1,
          2,
          null,
          2,
          1,
          null,
          1,
          null,
          null,
          null,
          null,
          1,
          1,
          null,
          1,
          1,
          null,
          0,
          null,
          null,
          null,
          null,
          1,
          1,
          null,
          null,
          1,
          null,
          1,
          3,
          null,
          null,
          null
        ]
      },
      "C:/Users/patri/Desktop/Ruby/cinema-api/app/concepts/movies/use_cases/fetch_all.rb": {
        "lines": [
          null,
          null,
          1,
          1,
          1,
          1,
          null,
          1,
          3,
          null,
          null,
          null,
          null
        ]
      },
      "C:/Users/patri/Desktop/Ruby/cinema-api/app/concepts/movies/repository.rb": {
        "lines": [
          null,
          null,
          1,
          1,
          1,
          7,
          null,
          null,
          null
        ]
      },
      "C:/Users/patri/Desktop/Ruby/cinema-api/app/concepts/movies/use_cases/create.rb": {
        "lines": [
          null,
          null,
          1,
          1,
          1,
          1,
          null,
          1,
          2,
          null,
          null,
          null,
          null
        ]
      },
      "C:/Users/patri/Desktop/Ruby/cinema-api/app/serializers/movie_serializer.rb": {
        "lines": [
          null,
          null,
          1,
          1,
          1,
          null,
          1,
          null
        ]
      },
      "C:/Users/patri/Desktop/Ruby/cinema-api/app/concepts/movies/use_cases/update.rb": {
        "lines": [
          null,
          null,
          1,
          1,
          1,
          1,
          null,
          1,
          1,
          null,
          null,
          null,
          null
        ]
      },
      "C:/Users/patri/Desktop/Ruby/cinema-api/app/concepts/movies/use_cases/delete.rb": {
        "lines": [
          null,
          null,
          1,
          1,
          1,
          1,
          null,
          1,
          1,
          null,
          null,
          null,
          null
        ]
      },
      "C:/Users/patri/Desktop/Ruby/cinema-api/app/controllers/api/reservations_controller.rb": {
        "lines": [
          null,
          null,
          1,
          1,
          null,
          1,
          3,
          null,
          null,
          null,
          1,
          0,
          null,
          null,
          null,
          1,
          2,
          null,
          2,
          1,
          null,
          1,
          null,
          null,
          null,
          null,
          1,
          1,
          null,
          1,
          1,
          null,
          0,
          null,
          null,
          null,
          null,
          1,
          1,
          null,
          null,
          1,
          null,
          1,
          3,
          null,
          null,
          null
        ]
      },
      "C:/Users/patri/Desktop/Ruby/cinema-api/app/concepts/reservations/use_cases/fetch_all.rb": {
        "lines": [
          null,
          null,
          1,
          1,
          1,
          1,
          null,
          1,
          3,
          null,
          null,
          null,
          null
        ]
      },
      "C:/Users/patri/Desktop/Ruby/cinema-api/app/concepts/reservations/repository.rb": {
        "lines": [
          null,
          null,
          1,
          1,
          1,
          7,
          null,
          null,
          null
        ]
      },
      "C:/Users/patri/Desktop/Ruby/cinema-api/app/concepts/reservations/use_cases/create.rb": {
        "lines": [
          null,
          null,
          1,
          1,
          1,
          1,
          null,
          1,
          2,
          null,
          null,
          null,
          null
        ]
      },
      "C:/Users/patri/Desktop/Ruby/cinema-api/app/serializers/reservation_serializer.rb": {
        "lines": [
          null,
          null,
          1,
          1,
          1,
          null,
          1,
          1,
          1,
          null
        ]
      },
      "C:/Users/patri/Desktop/Ruby/cinema-api/app/serializers/ticket_serializer.rb": {
        "lines": [
          null,
          null,
          1,
          1,
          1,
          null,
          1,
          null
        ]
      },
      "C:/Users/patri/Desktop/Ruby/cinema-api/app/serializers/ticket_desk_serializer.rb": {
        "lines": [
          null,
          null,
          1,
          1,
          1,
          null,
          1,
          null
        ]
      },
      "C:/Users/patri/Desktop/Ruby/cinema-api/app/concepts/reservations/use_cases/update.rb": {
        "lines": [
          null,
          null,
          1,
          1,
          1,
          1,
          null,
          1,
          1,
          null,
          null,
          null,
          null
        ]
      },
      "C:/Users/patri/Desktop/Ruby/cinema-api/app/concepts/reservations/use_cases/delete.rb": {
        "lines": [
          null,
          null,
          1,
          1,
          1,
          1,
          null,
          1,
          1,
          null,
          null,
          null,
          null
        ]
      },
      "C:/Users/patri/Desktop/Ruby/cinema-api/app/controllers/api/seances_controller.rb": {
        "lines": [
          null,
          null,
          1,
          1,
          null,
          1,
          3,
          null,
          null,
          null,
          1,
          0,
          null,
          null,
          null,
          1,
          2,
          null,
          2,
          1,
          null,
          1,
          null,
          null,
          null,
          null,
          1,
          1,
          null,
          1,
          1,
          null,
          0,
          null,
          null,
          null,
          null,
          1,
          1,
          null,
          null,
          1,
          null,
          1,
          3,
          null,
          null,
          null
        ]
      },
      "C:/Users/patri/Desktop/Ruby/cinema-api/app/concepts/seances/use_cases/fetch_all.rb": {
        "lines": [
          null,
          null,
          1,
          1,
          1,
          1,
          null,
          1,
          3,
          null,
          null,
          null,
          null
        ]
      },
      "C:/Users/patri/Desktop/Ruby/cinema-api/app/concepts/seances/repository.rb": {
        "lines": [
          null,
          null,
          1,
          1,
          1,
          7,
          null,
          null,
          null
        ]
      },
      "C:/Users/patri/Desktop/Ruby/cinema-api/app/concepts/seances/use_cases/create.rb": {
        "lines": [
          null,
          null,
          1,
          1,
          1,
          1,
          null,
          1,
          2,
          null,
          null,
          null,
          null
        ]
      },
      "C:/Users/patri/Desktop/Ruby/cinema-api/app/concepts/seances/use_cases/update.rb": {
        "lines": [
          null,
          null,
          1,
          1,
          1,
          1,
          null,
          1,
          1,
          null,
          null,
          null,
          null
        ]
      },
      "C:/Users/patri/Desktop/Ruby/cinema-api/app/concepts/seances/use_cases/delete.rb": {
        "lines": [
          null,
          null,
          1,
          1,
          1,
          1,
          null,
          1,
          1,
          null,
          null,
          null,
          null
        ]
      },
      "C:/Users/patri/Desktop/Ruby/cinema-api/app/controllers/api/ticket_desks_controller.rb": {
        "lines": [
          null,
          null,
          1,
          1,
          null,
          1,
          3,
          null,
          null,
          null,
          1,
          0,
          null,
          null,
          null,
          1,
          2,
          null,
          2,
          1,
          null,
          1,
          null,
          null,
          null,
          null,
          1,
          1,
          null,
          1,
          1,
          null,
          0,
          null,
          null,
          null,
          null,
          1,
          1,
          null,
          null,
          1,
          null,
          1,
          3,
          null,
          null,
          null
        ]
      },
      "C:/Users/patri/Desktop/Ruby/cinema-api/app/concepts/ticket_desks/use_cases/fetch_all.rb": {
        "lines": [
          null,
          null,
          1,
          1,
          1,
          1,
          null,
          1,
          3,
          null,
          null,
          null,
          null
        ]
      },
      "C:/Users/patri/Desktop/Ruby/cinema-api/app/concepts/ticket_desks/repository.rb": {
        "lines": [
          null,
          null,
          1,
          1,
          1,
          7,
          null,
          null,
          null
        ]
      },
      "C:/Users/patri/Desktop/Ruby/cinema-api/app/concepts/ticket_desks/use_cases/create.rb": {
        "lines": [
          null,
          null,
          1,
          1,
          1,
          1,
          null,
          1,
          2,
          null,
          null,
          null,
          null
        ]
      },
      "C:/Users/patri/Desktop/Ruby/cinema-api/app/concepts/ticket_desks/use_cases/update.rb": {
        "lines": [
          null,
          null,
          1,
          1,
          1,
          1,
          null,
          1,
          1,
          null,
          null,
          null,
          null
        ]
      },
      "C:/Users/patri/Desktop/Ruby/cinema-api/app/concepts/ticket_desks/use_cases/delete.rb": {
        "lines": [
          null,
          null,
          1,
          1,
          1,
          1,
          null,
          1,
          1,
          null,
          null,
          null,
          null
        ]
      },
      "C:/Users/patri/Desktop/Ruby/cinema-api/app/controllers/api/tickets_controller.rb": {
        "lines": [
          null,
          null,
          1,
          1,
          null,
          1,
          3,
          null,
          null,
          null,
          1,
          0,
          null,
          null,
          null,
          1,
          2,
          null,
          2,
          1,
          null,
          1,
          null,
          null,
          null,
          null,
          1,
          1,
          null,
          1,
          1,
          null,
          0,
          null,
          null,
          null,
          null,
          1,
          1,
          null,
          null,
          1,
          null,
          1,
          3,
          null,
          null,
          null
        ]
      },
      "C:/Users/patri/Desktop/Ruby/cinema-api/app/concepts/tickets/use_cases/fetch_all.rb": {
        "lines": [
          null,
          null,
          1,
          1,
          1,
          1,
          null,
          1,
          3,
          null,
          null,
          null,
          null
        ]
      },
      "C:/Users/patri/Desktop/Ruby/cinema-api/app/concepts/tickets/repository.rb": {
        "lines": [
          null,
          null,
          1,
          1,
          1,
          7,
          null,
          null,
          null
        ]
      },
      "C:/Users/patri/Desktop/Ruby/cinema-api/app/concepts/tickets/use_cases/create.rb": {
        "lines": [
          null,
          null,
          1,
          1,
          1,
          1,
          null,
          1,
          2,
          null,
          null,
          null,
          null
        ]
      },
      "C:/Users/patri/Desktop/Ruby/cinema-api/app/concepts/tickets/use_cases/update.rb": {
        "lines": [
          null,
          null,
          1,
          1,
          1,
          1,
          null,
          1,
          1,
          null,
          null,
          null,
          null
        ]
      },
      "C:/Users/patri/Desktop/Ruby/cinema-api/app/concepts/tickets/use_cases/delete.rb": {
        "lines": [
          null,
          null,
          1,
          1,
          1,
          1,
          null,
          1,
          1,
          null,
          null,
          null,
          null
        ]
      }
    },
    "timestamp": 1623146345
  }
}
